<?xml version="1.0" encoding="UTF-8"?>
<testng-results ignored="0" total="1" passed="1" failed="0" skipped="0">
  <reporter-output>
  </reporter-output>
  <suite started-at="2026-05-21T08:35:32 IST" name="Default suite" finished-at="2026-05-21T08:35:38 IST" duration-ms="6311">
    <groups>
    </groups>
    <test started-at="2026-05-21T08:35:32 IST" name="Default test" finished-at="2026-05-21T08:35:38 IST" duration-ms="6311">
      <class name="base.BaseTest">
        <test-method is-config="true" signature="setup()[pri:0, instance:base.BaseTest@1e800aaa]" started-at="2026-05-21T08:35:32 IST" name="setup" finished-at="2026-05-21T08:35:37 IST" duration-ms="5785" status="PASS">
          <reporter-output>
          </reporter-output>
        </test-method> <!-- setup -->
        <test-method signature="testLoginPage()[pri:0, instance:base.BaseTest@1e800aaa]" started-at="2026-05-21T08:35:37 IST" name="testLoginPage" finished-at="2026-05-21T08:35:37 IST" duration-ms="16" status="PASS">
          <reporter-output>
          </reporter-output>
        </test-method> <!-- testLoginPage -->
        <test-method is-config="true" signature="tearDown()[pri:0, instance:base.BaseTest@1e800aaa]" started-at="2026-05-21T08:35:37 IST" name="tearDown" finished-at="2026-05-21T08:35:38 IST" duration-ms="454" status="PASS">
          <reporter-output>
          </reporter-output>
        </test-method> <!-- tearDown -->
      </class> <!-- base.BaseTest -->
    </test> <!-- Default test -->
  </suite> <!-- Default suite -->
</testng-results>
